{"D:\\rs-school-react\\rss-react\\rss-react-project\\src\\components\\Card\\Card.tsx": {"path":"D:\\rs-school-react\\rss-react\\rss-react-project\\src\\components\\Card\\Card.tsx","statementMap":{"0":{"start":{"line":2,"column":0},"end":{"line":2,"column":40}},"1":{"start":{"line":9,"column":13},"end":{"line":36,"column":1}},"2":{"start":{"line":10,"column":45},"end":{"line":10,"column":53}},"3":{"start":{"line":12,"column":2},"end":{"line":35,"column":4}},"4":{"start":{"line":16,"column":23},"end":{"line":16,"column":49}},"5":{"start":{"line":17,"column":8},"end":{"line":17,"column":39}},"6":{"start":{"line":38,"column":9},"end":{"line":38,"column":13}}},"fnMap":{"0":{"name":"(anonymous_1)","decl":{"start":{"line":9,"column":13},"end":{"line":9,"column":14}},"loc":{"start":{"line":9,"column":62},"end":{"line":36,"column":1}}},"1":{"name":"(anonymous_2)","decl":{"start":{"line":15,"column":15},"end":{"line":15,"column":16}},"loc":{"start":{"line":15,"column":19},"end":{"line":18,"column":7}}}},"branchMap":{},"s":{"0":1,"1":1,"2":2,"3":2,"4":1,"5":1,"6":1},"f":{"0":2,"1":1},"b":{}}
}
